2026-04-02 14:29:01,783 - INFO - ================================================================================
2026-04-02 14:29:01,783 - INFO - TRUSTEDZONE DATA QUALITY PIPELINE (Apache Spark)
2026-04-02 14:29:01,783 - INFO - ================================================================================
2026-04-02 14:29:01,783 - INFO - 
[1/5] Initializing Spark Session...
2026-04-02 14:29:01,783 - INFO - Initializing Spark session...
2026-04-02 14:29:34,162 - INFO - Spark session initialized successfully
2026-04-02 14:29:34,163 - INFO - 
[2/5] Preparing TrustedZone database...
2026-04-02 14:29:34,163 - INFO - Preparing DuckDB database at /Users/yufengchen/BDA-P1/TrustedZone/TrustedZone.duckdb...
2026-04-02 14:29:34,180 - INFO - Database prepared successfully - existing tables cleared
2026-04-02 14:29:34,180 - INFO - 
[3/5] Extracting and applying Denial Constraints (Spark-based)...
2026-04-02 14:29:34,180 - INFO - 
Extracting and filtering data using Spark architecture...
2026-04-02 14:29:34,186 - INFO -   Reading data from FormattedZone...
2026-04-02 14:29:34,280 - INFO -   NASDAQ: 3426 rows
2026-04-02 14:29:34,281 - INFO -   Company History: 481133 rows
2026-04-02 14:29:34,281 - INFO -   Exchange: 71 rows
2026-04-02 14:29:34,281 - INFO - 
Defining Denial Constraints with Spark SQL...
2026-04-02 14:29:43,825 - INFO -   NASDAQ Denial Constraints defined in Spark SQL
2026-04-02 14:29:43,891 - INFO -   S&P 500 Denial Constraints defined in Spark SQL
2026-04-02 14:29:43,908 - INFO -   Exchange Denial Constraints defined in Spark SQL
2026-04-02 14:29:43,918 - INFO - 
Applying Denial Constraints using Pandas execution...
2026-04-02 14:29:43,918 - INFO -   Applying NASDAQ constraints...
2026-04-02 14:29:43,922 - INFO -   Applying Company History constraints...
2026-04-02 14:29:43,938 - INFO -   Applying Exchange constraints...
2026-04-02 14:29:43,941 - INFO - 
Constraints applied successfully!
2026-04-02 14:29:43,941 - INFO -   NASDAQ: 3426 rows after filtering (0.00% removed)
2026-04-02 14:29:43,941 - INFO -   Company History: 481063 rows after filtering (0.01% removed)
2026-04-02 14:29:43,941 - INFO -   Exchange: 71 rows after filtering (0.00% removed)
2026-04-02 14:29:43,941 - INFO - 
[4/5] Writing cleaned data to TrustedZone...
2026-04-02 14:29:43,941 - INFO - 
Writing cleaned data to TrustedZone DuckDB...
2026-04-02 14:29:43,946 - INFO -   Writing NASDAQ data...
2026-04-02 14:29:43,953 - INFO -   Writing Company History data...
2026-04-02 14:29:44,066 - INFO -   Writing Exchange data...
2026-04-02 14:29:44,067 - INFO -   NASDAQ: 3426 rows written
2026-04-02 14:29:44,068 - INFO -   Company History: 481063 rows written
2026-04-02 14:29:44,068 - INFO -   Exchange: 71 rows written
2026-04-02 14:29:44,068 - INFO -   Writing data quality metrics...
2026-04-02 14:29:44,085 - INFO - Data successfully written to Trusted Zone!
2026-04-02 14:29:44,085 - INFO - 
[5/5] Validating and verifying TrustedZone...
2026-04-02 14:29:44,090 - INFO - 
Validating cleaned data...
2026-04-02 14:29:44,091 - INFO -   NASDAQ data validation passed
2026-04-02 14:29:44,092 - INFO -   Company History data validation passed
2026-04-02 14:29:44,092 - INFO -   Exchange Rate data validation passed
2026-04-02 14:29:44,093 - INFO - 
Verifying TrustedZone database integrity...
2026-04-02 14:29:44,099 - INFO -   nasdaq: 3426 rows
2026-04-02 14:29:44,099 - INFO -   company_history: 481063 rows
2026-04-02 14:29:44,099 - INFO -   us_exchange: 71 rows
2026-04-02 14:29:44,100 - INFO - TrustedZone database verification passed
2026-04-02 14:29:44,592 - INFO - Spark session stopped
2026-04-02 14:29:44,592 - INFO - 
================================================================================
2026-04-02 14:29:44,592 - INFO - PIPELINE EXECUTION COMPLETED SUCCESSFULLY!
2026-04-02 14:29:44,593 - INFO - ================================================================================
2026-04-02 14:29:44,593 - INFO - 
TrustedZone database created at: /Users/yufengchen/BDA-P1/TrustedZone/TrustedZone.duckdb
2026-04-02 14:29:44,593 - INFO - Processing Engine: Apache Spark
2026-04-02 14:29:44,593 - INFO - Validation passed: True
2026-04-02 14:29:44,593 - INFO - Database verified: True
2026-04-02 14:29:44,593 - INFO - 
Denial Constraints Applied:
2026-04-02 14:29:44,593 - INFO - {
  "nasdaq": [
    "Symbol NOT NULL",
    "Name NOT NULL",
    "LastSale >= 0 OR NULL",
    "MarketCap >= 0 OR NULL",
    "IPOyear <= 2026"
  ],
  "company_history": [
    "Date NOT NULL",
    "High >= Low",
    "Volume >= 0",
    "Open >= 0 OR NULL",
    "Close >= 0 OR NULL"
  ],
  "exchange": [
    "Date NOT NULL",
    "EUR > 0",
    "JPY > 0"
  ]
}
2026-04-02 14:29:44,598 - INFO - Closing down clientserver connection
2026-04-02 15:24:43,343 - INFO - Preparing DuckDB database at /var/folders/ft/m50zdy3x7c7b8___9w52qvh00000gn/T/tmprvnc9wku/test.duckdb...
2026-04-02 15:24:43,350 - INFO - Database prepared successfully - existing tables cleared
2026-04-02 15:24:43,372 - INFO - Preparing DuckDB database at /var/folders/ft/m50zdy3x7c7b8___9w52qvh00000gn/T/tmpyonbnlnd/test.duckdb...
2026-04-02 15:24:43,378 - INFO - Database prepared successfully - existing tables cleared
2026-04-02 15:24:43,384 - INFO - Preparing DuckDB database at /invalid/path/that/does/not/exist/db.duckdb...
2026-04-02 15:24:43,388 - ERROR - Error preparing database: IO Error: Cannot open file "/invalid/path/that/does/not/exist/db.duckdb": No such file or directory
2026-04-02 15:24:43,388 - INFO - Initializing Spark session...
2026-04-02 15:25:15,656 - INFO - Spark session initialized successfully
2026-04-02 15:25:16,021 - INFO - 
Extracting and filtering data using Spark architecture...
2026-04-02 15:25:16,026 - INFO -   Reading data from FormattedZone...
2026-04-02 15:25:16,027 - INFO -   NASDAQ: 3 rows
2026-04-02 15:25:16,027 - INFO -   Company History: 2 rows
2026-04-02 15:25:16,027 - INFO -   Exchange: 2 rows
2026-04-02 15:25:16,027 - INFO - 
Defining Denial Constraints with Spark SQL...
2026-04-02 15:25:16,277 - INFO -   NASDAQ Denial Constraints defined in Spark SQL
2026-04-02 15:25:16,344 - INFO -   S&P 500 Denial Constraints defined in Spark SQL
2026-04-02 15:25:16,364 - INFO -   Exchange Denial Constraints defined in Spark SQL
2026-04-02 15:25:16,374 - INFO - 
Applying Denial Constraints using Pandas execution...
2026-04-02 15:25:16,374 - INFO -   Applying NASDAQ constraints...
2026-04-02 15:25:16,375 - INFO -   Applying Company History constraints...
2026-04-02 15:25:16,376 - INFO -   Applying Exchange constraints...
2026-04-02 15:25:16,377 - INFO - 
Constraints applied successfully!
2026-04-02 15:25:16,377 - INFO -   NASDAQ: 3 rows after filtering (0.00% removed)
2026-04-02 15:25:16,377 - INFO -   Company History: 2 rows after filtering (0.00% removed)
2026-04-02 15:25:16,377 - INFO -   Exchange: 2 rows after filtering (0.00% removed)
2026-04-02 15:25:16,378 - INFO - 
Extracting and filtering data using Spark architecture...
2026-04-02 15:25:16,380 - ERROR - Error extracting and filtering data: IO Error: Cannot open file "/nonexistent/database.duckdb": No such file or directory
2026-04-02 15:25:16,396 - INFO - 
Extracting and filtering data using Spark architecture...
2026-04-02 15:25:16,401 - INFO -   Reading data from FormattedZone...
2026-04-02 15:25:16,402 - INFO -   NASDAQ: 3 rows
2026-04-02 15:25:16,402 - INFO -   Company History: 2 rows
2026-04-02 15:25:16,402 - INFO -   Exchange: 2 rows
2026-04-02 15:25:16,402 - INFO - 
Defining Denial Constraints with Spark SQL...
2026-04-02 15:25:16,444 - INFO -   NASDAQ Denial Constraints defined in Spark SQL
2026-04-02 15:25:16,454 - INFO -   S&P 500 Denial Constraints defined in Spark SQL
2026-04-02 15:25:16,463 - INFO -   Exchange Denial Constraints defined in Spark SQL
2026-04-02 15:25:16,470 - INFO - 
Applying Denial Constraints using Pandas execution...
2026-04-02 15:25:16,470 - INFO -   Applying NASDAQ constraints...
2026-04-02 15:25:16,472 - INFO -   Applying Company History constraints...
2026-04-02 15:25:16,472 - INFO -   Applying Exchange constraints...
2026-04-02 15:25:16,473 - INFO - 
Constraints applied successfully!
2026-04-02 15:25:16,473 - INFO -   NASDAQ: 1 rows after filtering (66.67% removed)
2026-04-02 15:25:16,473 - INFO -   Company History: 2 rows after filtering (0.00% removed)
2026-04-02 15:25:16,474 - INFO -   Exchange: 2 rows after filtering (0.00% removed)
2026-04-02 15:25:16,490 - INFO - 
Validating cleaned data...
2026-04-02 15:25:16,490 - INFO -   NASDAQ data validation passed
2026-04-02 15:25:16,490 - INFO -   Company History data validation passed
2026-04-02 15:25:16,490 - INFO -   Exchange Rate data validation passed
2026-04-02 15:25:16,499 - INFO - 
Validating cleaned data...
2026-04-02 15:25:16,500 - WARNING - NASDAQ validation issues: Found 1 rows with null Symbol or Name
2026-04-02 15:25:16,500 - INFO -   Company History data validation passed
2026-04-02 15:25:16,500 - INFO -   Exchange Rate data validation passed
2026-04-02 15:25:16,503 - INFO - Preparing DuckDB database at /var/folders/ft/m50zdy3x7c7b8___9w52qvh00000gn/T/tmpom9y0qhe/trusted.duckdb...
2026-04-02 15:25:16,509 - INFO - Database prepared successfully - existing tables cleared
2026-04-02 15:25:16,509 - INFO - 
Writing cleaned data to TrustedZone DuckDB...
2026-04-02 15:25:16,513 - INFO -   Writing NASDAQ data...
2026-04-02 15:25:16,514 - INFO -   Writing Company History data...
2026-04-02 15:25:16,514 - INFO -   Writing Exchange data...
2026-04-02 15:25:16,515 - INFO -   NASDAQ: 1 rows written
2026-04-02 15:25:16,515 - INFO -   Company History: 1 rows written
2026-04-02 15:25:16,515 - INFO -   Exchange: 1 rows written
2026-04-02 15:25:16,515 - INFO -   Writing data quality metrics...
2026-04-02 15:25:16,518 - INFO - Data successfully written to Trusted Zone!
2026-04-02 15:25:16,526 - INFO - Preparing DuckDB database at /var/folders/ft/m50zdy3x7c7b8___9w52qvh00000gn/T/tmp0ww62ik9/trusted.duckdb...
2026-04-02 15:25:16,531 - INFO - Database prepared successfully - existing tables cleared
2026-04-02 15:25:16,531 - INFO - 
Writing cleaned data to TrustedZone DuckDB...
2026-04-02 15:25:16,535 - INFO -   Writing NASDAQ data...
2026-04-02 15:25:16,536 - INFO -   Writing Company History data...
2026-04-02 15:25:16,536 - INFO -   Writing Exchange data...
2026-04-02 15:25:16,537 - INFO -   NASDAQ: 2 rows written
2026-04-02 15:25:16,537 - INFO -   Company History: 1 rows written
2026-04-02 15:25:16,537 - INFO -   Exchange: 1 rows written
2026-04-02 15:25:16,537 - INFO -   Writing data quality metrics...
2026-04-02 15:25:16,540 - INFO - Data successfully written to Trusted Zone!
2026-04-02 15:25:16,547 - INFO - Preparing DuckDB database at /var/folders/ft/m50zdy3x7c7b8___9w52qvh00000gn/T/tmpilgn11cf/trusted.duckdb...
2026-04-02 15:25:16,552 - INFO - Database prepared successfully - existing tables cleared
2026-04-02 15:25:16,552 - INFO - 
Writing cleaned data to TrustedZone DuckDB...
2026-04-02 15:25:16,556 - INFO -   Writing NASDAQ data...
2026-04-02 15:25:16,557 - INFO -   Writing Company History data...
2026-04-02 15:25:16,558 - INFO -   Writing Exchange data...
2026-04-02 15:25:16,558 - INFO -   NASDAQ: 1 rows written
2026-04-02 15:25:16,558 - INFO -   Company History: 1 rows written
2026-04-02 15:25:16,558 - INFO -   Exchange: 1 rows written
2026-04-02 15:25:16,558 - INFO -   Writing data quality metrics...
2026-04-02 15:25:16,561 - INFO - Data successfully written to Trusted Zone!
2026-04-02 15:25:16,561 - INFO - 
Verifying TrustedZone database integrity...
2026-04-02 15:25:16,567 - INFO -   nasdaq: 1 rows
2026-04-02 15:25:16,567 - INFO -   company_history: 1 rows
2026-04-02 15:25:16,567 - INFO -   us_exchange: 1 rows
2026-04-02 15:25:16,568 - INFO - TrustedZone database verification passed
2026-04-02 15:25:16,577 - INFO - 
Verifying TrustedZone database integrity...
2026-04-02 15:25:16,592 - ERROR - Missing tables: {'data_quality_metrics', 'us_exchange', 'company_history'}
2026-04-02 15:25:16,605 - INFO - 
Verifying TrustedZone database integrity...
2026-04-02 15:25:16,611 - INFO -   nasdaq: 0 rows
2026-04-02 15:25:16,611 - INFO -   company_history: 0 rows
2026-04-02 15:25:16,611 - INFO -   us_exchange: 0 rows
2026-04-02 15:25:16,611 - ERROR - One or more tables are empty!
2026-04-02 15:25:16,622 - INFO - Preparing DuckDB database at /var/folders/ft/m50zdy3x7c7b8___9w52qvh00000gn/T/tmpp7hmxsmk/TrustedZone.duckdb...
2026-04-02 15:25:16,627 - INFO - Database prepared successfully - existing tables cleared
2026-04-02 15:25:16,627 - INFO - 
Extracting and filtering data using Spark architecture...
2026-04-02 15:25:16,631 - INFO -   Reading data from FormattedZone...
2026-04-02 15:25:16,632 - INFO -   NASDAQ: 3 rows
2026-04-02 15:25:16,632 - INFO -   Company History: 2 rows
2026-04-02 15:25:16,632 - INFO -   Exchange: 2 rows
2026-04-02 15:25:16,632 - INFO - 
Defining Denial Constraints with Spark SQL...
2026-04-02 15:25:16,670 - INFO -   NASDAQ Denial Constraints defined in Spark SQL
2026-04-02 15:25:16,679 - INFO -   S&P 500 Denial Constraints defined in Spark SQL
2026-04-02 15:25:16,689 - INFO -   Exchange Denial Constraints defined in Spark SQL
2026-04-02 15:25:16,695 - INFO - 
Applying Denial Constraints using Pandas execution...
2026-04-02 15:25:16,695 - INFO -   Applying NASDAQ constraints...
2026-04-02 15:25:16,696 - INFO -   Applying Company History constraints...
2026-04-02 15:25:16,696 - INFO -   Applying Exchange constraints...
2026-04-02 15:25:16,697 - INFO - 
Constraints applied successfully!
2026-04-02 15:25:16,697 - INFO -   NASDAQ: 3 rows after filtering (0.00% removed)
2026-04-02 15:25:16,697 - INFO -   Company History: 2 rows after filtering (0.00% removed)
2026-04-02 15:25:16,697 - INFO -   Exchange: 2 rows after filtering (0.00% removed)
2026-04-02 15:25:16,697 - INFO - 
Writing cleaned data to TrustedZone DuckDB...
2026-04-02 15:25:16,701 - INFO -   Writing NASDAQ data...
2026-04-02 15:25:16,702 - INFO -   Writing Company History data...
2026-04-02 15:25:16,703 - INFO -   Writing Exchange data...
2026-04-02 15:25:16,703 - INFO -   NASDAQ: 3 rows written
2026-04-02 15:25:16,703 - INFO -   Company History: 2 rows written
2026-04-02 15:25:16,703 - INFO -   Exchange: 2 rows written
2026-04-02 15:25:16,703 - INFO -   Writing data quality metrics...
2026-04-02 15:25:16,706 - INFO - Data successfully written to Trusted Zone!
2026-04-02 15:25:16,710 - INFO - 
Validating cleaned data...
2026-04-02 15:25:16,711 - INFO -   NASDAQ data validation passed
2026-04-02 15:25:16,711 - INFO -   Company History data validation passed
2026-04-02 15:25:16,711 - INFO -   Exchange Rate data validation passed
2026-04-02 15:25:16,711 - INFO - 
Verifying TrustedZone database integrity...
2026-04-02 15:25:16,717 - INFO -   nasdaq: 3 rows
2026-04-02 15:25:16,717 - INFO -   company_history: 2 rows
2026-04-02 15:25:16,717 - INFO -   us_exchange: 2 rows
2026-04-02 15:25:16,718 - INFO - TrustedZone database verification passed
2026-04-02 15:25:16,728 - INFO - Preparing DuckDB database at /var/folders/ft/m50zdy3x7c7b8___9w52qvh00000gn/T/tmpowvw0ekb/TrustedZone.duckdb...
2026-04-02 15:25:16,734 - INFO - Database prepared successfully - existing tables cleared
2026-04-02 15:25:16,734 - INFO - 
Extracting and filtering data using Spark architecture...
2026-04-02 15:25:16,738 - INFO -   Reading data from FormattedZone...
2026-04-02 15:25:16,739 - INFO -   NASDAQ: 2 rows
2026-04-02 15:25:16,739 - INFO -   Company History: 2 rows
2026-04-02 15:25:16,739 - INFO -   Exchange: 2 rows
2026-04-02 15:25:16,739 - INFO - 
Defining Denial Constraints with Spark SQL...
2026-04-02 15:25:16,767 - INFO -   NASDAQ Denial Constraints defined in Spark SQL
2026-04-02 15:25:16,774 - INFO -   S&P 500 Denial Constraints defined in Spark SQL
2026-04-02 15:25:16,781 - INFO -   Exchange Denial Constraints defined in Spark SQL
2026-04-02 15:25:16,786 - INFO - 
Applying Denial Constraints using Pandas execution...
2026-04-02 15:25:16,786 - INFO -   Applying NASDAQ constraints...
2026-04-02 15:25:16,787 - INFO -   Applying Company History constraints...
2026-04-02 15:25:16,787 - INFO -   Applying Exchange constraints...
2026-04-02 15:25:16,789 - INFO - 
Constraints applied successfully!
2026-04-02 15:25:16,789 - INFO -   NASDAQ: 1 rows after filtering (50.00% removed)
2026-04-02 15:25:16,789 - INFO -   Company History: 1 rows after filtering (50.00% removed)
2026-04-02 15:25:16,789 - INFO -   Exchange: 1 rows after filtering (50.00% removed)
2026-04-02 15:25:16,789 - INFO - 
Writing cleaned data to TrustedZone DuckDB...
2026-04-02 15:25:16,793 - INFO -   Writing NASDAQ data...
2026-04-02 15:25:16,794 - INFO -   Writing Company History data...
2026-04-02 15:25:16,795 - INFO -   Writing Exchange data...
2026-04-02 15:25:16,795 - INFO -   NASDAQ: 1 rows written
2026-04-02 15:25:16,795 - INFO -   Company History: 1 rows written
2026-04-02 15:25:16,795 - INFO -   Exchange: 1 rows written
2026-04-02 15:25:16,795 - INFO -   Writing data quality metrics...
2026-04-02 15:25:16,798 - INFO - Data successfully written to Trusted Zone!
2026-04-02 15:25:16,798 - INFO - 
Verifying TrustedZone database integrity...
2026-04-02 15:25:16,804 - INFO -   nasdaq: 1 rows
2026-04-02 15:25:16,804 - INFO -   company_history: 1 rows
2026-04-02 15:25:16,804 - INFO -   us_exchange: 1 rows
2026-04-02 15:25:16,804 - INFO - TrustedZone database verification passed
2026-04-02 15:25:17,001 - INFO - Closing down clientserver connection
